     diagonalizing the dynamical matrix ...

 q =       0.0000      0.0000      0.0000
 **************************************************************************
     freq (    1) =      -0.000000 [THz] =      -0.000005 [cm-1]
 ( -0.005581   0.000000     0.186362   0.000000    -0.682084   0.000000   )
 ( -0.005581   0.000000     0.186362   0.000000    -0.682084   0.000000   )
     freq (    2) =       0.000000 [THz] =       0.000001 [cm-1]
 (  0.063864   0.000000    -0.679184   0.000000    -0.186092   0.000000   )
 (  0.063864   0.000000    -0.679184   0.000000    -0.186092   0.000000   )
     freq (    3) =       0.000000 [THz] =       0.000002 [cm-1]
 (  0.704195   0.000000     0.063073   0.000000     0.011471   0.000000   )
 (  0.704195   0.000000     0.063073   0.000000     0.011471   0.000000   )
     freq (    4) =      10.740889 [THz] =     358.277483 [cm-1]
 ( -0.000000   0.000000     0.440334   0.000000    -0.000000   0.000000   )
 (  0.000000   0.000000    -0.897834   0.000000    -0.000000   0.000000   )
     freq (    5) =      10.740889 [THz] =     358.277483 [cm-1]
 (  0.000000   0.000000     0.000000   0.000000    -0.440334   0.000000   )
 (  0.000000   0.000000     0.000000   0.000000     0.897834   0.000000   )
     freq (    6) =      10.740889 [THz] =     358.277483 [cm-1]
 ( -0.440334   0.000000    -0.000000   0.000000     0.000000   0.000000   )
 (  0.897834   0.000000     0.000000   0.000000     0.000000   0.000000   )
 **************************************************************************
